#
# A fatal error has been detected by the Java Runtime Environment:
#
#  EXCEPTION_ACCESS_VIOLATION (0xc0000005) at pc=0x000000006341c092, pid=3968, tid=0x0000000000000aac
#
# JRE version: OpenJDK Runtime Environment (8.0_152-b01) (build 1.8.0_152-release-915-b01)
# Java VM: OpenJDK 64-Bit Server VM (25.152-b01 mixed mode windows-amd64 compressed oops)
# Problematic frame:
# C  [msvcr100.dll+0x3c092]
#
# Failed to write core dump. Minidumps are not enabled by default on client versions of Windows
#
# If you would like to submit a bug report, please visit:
#   http://bugreport.java.com/bugreport/crash.jsp
#

---------------  T H R E A D  ---------------

Current thread (0x0000000002bdb800):  GCTaskThread [stack: 0x00000000126f0000,0x00000000127f0000] [id=2732]

siginfo: ExceptionCode=0xc0000005, reading address 0x0000000100d40000

Registers:
RAX=0x0000000000000003, RBX=0x00000000f8d6a0b0, RCX=0x00000000d446d090, RDX=0x000000002c8d2f60
RSP=0x00000000127ef868, RBP=0x000000000293e0dd, RSI=0x0000000015353580, RDI=0x00000000cc497150
R8 =0x000000000ca1b6e8, R9 =0x0000000000000000, R10=0x0000000000000000, R11=0x00000000cc497150
R12=0x0000000063aa7e10, R13=0x0000006652808301, R14=0x0000000000000001, R15=0x0000000002bdbf80
RIP=0x000000006341c092, EFLAGS=0x0000000000010206

Top of Stack: (sp=0x00000000127ef868)
0x00000000127ef868:   00000000634c1993 000000000293e0dd
0x00000000127ef878:   000000000293e0dd 0000000015353580
0x00000000127ef888:   0000006652808301 0000000000000000
0x00000000127ef898:   000000006388c1a6 00000000f8d6a0b0
0x00000000127ef8a8:   0000000015353580 0000000015353580
0x00000000127ef8b8:   000000006388cfe5 00000000eac3e5b8
0x00000000127ef8c8:   000000006388c81b 00000000cc433140
0x00000000127ef8d8:   0000000000000400 0000000000000000
0x00000000127ef8e8:   0000000002bd2200 0000000063aa7e10
0x00000000127ef8f8:   000000006388c440 00000000cc434144
0x00000000127ef908:   0000000000000000 0000000015353580
0x00000000127ef918:   0000000015353580 00000000cc434144
0x00000000127ef928:   000000006388cfe5 00000000f94b9e60
0x00000000127ef938:   0000000000000000 0000000015353580
0x00000000127ef948:   00000000caf4dbf0 0000000015353580
0x00000000127ef958:   0000000000000c00 0000000000000000 

Instructions: (pc=0x000000006341c092)
0x000000006341c072:   75 ec 48 81 e9 00 10 00 00 b8 40 00 00 00 4c 8b
0x000000006341c082:   0c 0a 4c 8b 54 0a 08 4c 0f c3 09 4c 0f c3 51 08
0x000000006341c092:   4c 8b 4c 0a 10 4c 8b 54 0a 18 4c 0f c3 49 10 4c
0x000000006341c0a2:   0f c3 51 18 4c 8b 4c 0a 20 4c 8b 54 0a 28 48 83 


Register to memory mapping:

RAX=0x0000000000000003 is an unknown value
RBX=0x00000000f8d6a0b0 is an oop

[error occurred during error reporting (printing register info), id 0xc0000005]

Stack: [0x00000000126f0000,0x00000000127f0000],  sp=0x00000000127ef868,  free space=1022k
Native frames: (J=compiled Java code, j=interpreted, Vv=VM code, C=native code)
C  [msvcr100.dll+0x3c092]
V  [jvm.dll+0x1993]
V  [jvm.dll+0x3cc1a6]
V  [jvm.dll+0x3cc440]
V  [jvm.dll+0x3ccfe5]
V  [jvm.dll+0x3cf274]
V  [jvm.dll+0x3be2ce]
V  [jvm.dll+0x26d4aa]
C  [msvcr100.dll+0x21d9f]
C  [msvcr100.dll+0x21e3b]
C  [KERNEL32.DLL+0x15cd]
C  [ntdll.dll+0x743d1]


---------------  P R O C E S S  ---------------

Java Threads: ( => current thread )
  0x0000000021289800 JavaThread "ForkJoinPool.commonPool-worker-12" daemon [_thread_blocked, id=3308, stack(0x0000000026110000,0x0000000026210000)]
  0x000000002128c000 JavaThread "ForkJoinPool.commonPool-worker-3" daemon [_thread_blocked, id=3444, stack(0x0000000026010000,0x0000000026110000)]
  0x0000000021288000 JavaThread "ForkJoinPool.commonPool-worker-10" daemon [_thread_blocked, id=3684, stack(0x0000000025860000,0x0000000025960000)]
  0x0000000021289000 JavaThread "ForkJoinPool.commonPool-worker-1" daemon [_thread_blocked, id=3832, stack(0x0000000025560000,0x0000000025660000)]
  0x00000000176c5000 JavaThread "Task worker for ':' Thread 3" [_thread_blocked, id=5004, stack(0x0000000025460000,0x0000000025560000)]
  0x00000000176c6800 JavaThread "Task worker for ':' Thread 2" [_thread_blocked, id=3928, stack(0x0000000024f60000,0x0000000025060000)]
  0x00000000176c6000 JavaThread "Task worker for ':'" [_thread_blocked, id=3188, stack(0x0000000024c30000,0x0000000024d30000)]
  0x00000000176c7800 JavaThread "Cache worker for Build Output Cleanup Cache (D:\sandeep\prospectwizard\.gradle\buildOutputCleanup)" [_thread_blocked, id=1504, stack(0x0000000024130000,0x0000000024230000)]
  0x00000000176c3800 JavaThread "Cache worker for task history cache (D:\sandeep\prospectwizard\.gradle\4.4\taskHistory)" [_thread_blocked, id=4488, stack(0x0000000024030000,0x0000000024130000)]
  0x00000000176c0000 JavaThread "Cache worker for file content cache (D:\sandeep\prospectwizard\.gradle\4.4\fileContent)" [_thread_blocked, id=4384, stack(0x0000000023b20000,0x0000000023c20000)]
  0x00000000176bf000 JavaThread "build operations Thread 4" [_thread_blocked, id=4980, stack(0x0000000023820000,0x0000000023920000)]
  0x000000001aa6e800 JavaThread "build operations Thread 3" [_thread_blocked, id=3232, stack(0x0000000023720000,0x0000000023820000)]
  0x000000001aa6a800 JavaThread "build operations Thread 2" [_thread_blocked, id=4840, stack(0x0000000023620000,0x0000000023720000)]
  0x000000001aa6d800 JavaThread "build operations" [_thread_blocked, id=2720, stack(0x0000000023520000,0x0000000023620000)]
  0x000000001aa6a000 JavaThread "Cache worker for Artifact transforms cache (C:\Users\android\.gradle\caches\transforms-1)" [_thread_blocked, id=4248, stack(0x000000001e710000,0x000000001e810000)]
  0x000000001aa6d000 JavaThread "Cache worker for file hash cache (D:\sandeep\prospectwizard\.gradle\4.4\fileHashes)" [_thread_blocked, id=4792, stack(0x000000001c5f0000,0x000000001c6f0000)]
  0x000000001aa6b800 JavaThread "Stdin handler" [_thread_blocked, id=4956, stack(0x000000001b450000,0x000000001b550000)]
  0x000000001aa65800 JavaThread "Asynchronous log dispatcher for DefaultDaemonConnection: socket connection from /127.0.0.1:49255 to /127.0.0.1:50517" [_thread_blocked, id=4396, stack(0x000000001b150000,0x000000001b250000)]
  0x000000001aa64000 JavaThread "Daemon worker Thread 26" [_thread_blocked, id=2516, stack(0x0000000019a80000,0x0000000019b80000)]
  0x000000001aa60000 JavaThread "Cancel handler" [_thread_blocked, id=3624, stack(0x0000000019980000,0x0000000019a80000)]
  0x000000001aa63000 JavaThread "Handler for socket connection from /127.0.0.1:49255 to /127.0.0.1:50517" [_thread_in_native, id=36, stack(0x0000000019680000,0x0000000019780000)]
  0x000000001aa5f800 JavaThread "Daemon Thread 26" [_thread_blocked, id=5092, stack(0x0000000019580000,0x0000000019680000)]
  0x00000000176c1800 JavaThread "Memory manager" [_thread_blocked, id=3140, stack(0x000000001ee10000,0x000000001ef10000)]
  0x0000000018420800 JavaThread "File lock request listener" [_thread_in_native, id=4036, stack(0x000000001a080000,0x000000001a180000)]
  0x00000000183de800 JavaThread "Cache worker for file hash cache (C:\Users\android\.gradle\caches\4.4\fileHashes)" [_thread_blocked, id=3740, stack(0x0000000019f80000,0x000000001a080000)]
  0x00000000180a9800 JavaThread "Daemon periodic checks" [_thread_blocked, id=1056, stack(0x0000000019480000,0x0000000019580000)]
  0x000000001821b800 JavaThread "Incoming local TCP Connector on port 49255" [_thread_in_native, id=3680, stack(0x0000000018f80000,0x0000000019080000)]
  0x0000000016cf9800 JavaThread "Service Thread" daemon [_thread_blocked, id=3888, stack(0x00000000170d0000,0x00000000171d0000)]
  0x0000000015393800 JavaThread "C1 CompilerThread2" daemon [_thread_blocked, id=4076, stack(0x0000000016bd0000,0x0000000016cd0000)]
  0x000000001538e000 JavaThread "C2 CompilerThread1" daemon [_thread_blocked, id=2436, stack(0x0000000016ad0000,0x0000000016bd0000)]
  0x000000001538b800 JavaThread "C2 CompilerThread0" daemon [_thread_blocked, id=1632, stack(0x00000000169d0000,0x0000000016ad0000)]
  0x0000000015389800 JavaThread "Attach Listener" daemon [_thread_blocked, id=4080, stack(0x00000000168d0000,0x00000000169d0000)]
  0x0000000015388000 JavaThread "Signal Dispatcher" daemon [_thread_blocked, id=3084, stack(0x00000000167d0000,0x00000000168d0000)]
  0x0000000015378800 JavaThread "Finalizer" daemon [_thread_blocked, id=2884, stack(0x00000000165f0000,0x00000000166f0000)]
  0x0000000002cb1000 JavaThread "Reference Handler" daemon [_thread_blocked, id=1304, stack(0x00000000164f0000,0x00000000165f0000)]
  0x0000000002abd800 JavaThread "main" [_thread_blocked, id=4040, stack(0x0000000002ac0000,0x0000000002bc0000)]

Other Threads:
  0x0000000015355000 VMThread [stack: 0x00000000163f0000,0x00000000164f0000] [id=2496]
  0x0000000016cfa000 WatcherThread [stack: 0x00000000171d0000,0x00000000172d0000] [id=948]

=>0x0000000002bdb800 (exited) GCTaskThread [stack: 0x00000000126f0000,0x00000000127f0000] [id=2732]

VM state:at safepoint (normal execution)

VM Mutex/Monitor currently owned by a thread:  ([mutex/lock_event])
[0x0000000002abc2a0] Threads_lock - owner thread: 0x0000000015355000
[0x0000000002abc120] Heap_lock - owner thread: 0x000000001aa64000

Heap:
 PSYoungGen      total 308736K, used 308706K [0x00000000eab00000, 0x0000000100000000, 0x0000000100000000)
  eden space 268288K, 100% used [0x00000000eab00000,0x00000000fb100000,0x00000000fb100000)
  from space 40448K, 99% used [0x00000000fb100000,0x00000000fd878ba0,0x00000000fd880000)
  to   space 40448K, 99% used [0x00000000fd880000,0x00000000ffffef08,0x0000000100000000)
 ParOldGen       total 601088K, used 578171K [0x00000000c0000000, 0x00000000e4b00000, 0x00000000eab00000)
  object space 601088K, 96% used [0x00000000c0000000,0x00000000e349edb0,0x00000000e4b00000)
 Metaspace       used 91606K, capacity 100086K, committed 100352K, reserved 1136640K
  class space    used 11551K, capacity 13510K, committed 13568K, reserved 1048576K

Card table byte_map: [0x0000000012080000,0x0000000012290000] byte_map_base: 0x0000000011a80000

Marking Bits: (ParMarkBitMap*) 0x0000000063c83950
 Begin Bits: [0x00000000127f0000, 0x00000000137f0000)
 End Bits:   [0x00000000137f0000, 0x00000000147f0000)

Polling page: 0x00000000029f0000

CodeCache: size=245760Kb used=83880Kb max_used=83983Kb free=161879Kb
 bounds [0x0000000002cc0000, 0x0000000007f70000, 0x0000000011cc0000]
 total_blobs=23167 nmethods=22320 adapters=758
 compilation: enabled

Compilation events (10 events):
Event: 10943.836 Thread 0x0000000015393800 29712       2       com.android.tools.r8.code.IgetChar::collectIndexedItems (6 bytes)
Event: 10943.836 Thread 0x0000000015393800 nmethod 29712 0x0000000004c12c10 code [0x0000000004c12d80, 0x0000000004c12f08]
Event: 10943.839 Thread 0x0000000015393800 29713       2       com.android.tools.r8.code.AgetChar::collectIndexedItems (6 bytes)
Event: 10943.840 Thread 0x0000000015393800 nmethod 29713 0x0000000004c78850 code [0x0000000004c789a0, 0x0000000004c78af0]
Event: 10943.841 Thread 0x0000000015393800 29714       2       com.android.tools.r8.code.OrLong::collectIndexedItems (6 bytes)
Event: 10943.842 Thread 0x0000000015393800 nmethod 29714 0x0000000004537dd0 code [0x0000000004537f20, 0x0000000004538070]
Event: 10943.857 Thread 0x000000001538b800 nmethod 29678 0x0000000007f53b10 code [0x0000000007f559e0, 0x0000000007f5ec68]
Event: 10943.859 Thread 0x000000001538b800 29695   !   4       java.util.concurrent.ConcurrentHashMap::merge (526 bytes)
Event: 10943.864 Thread 0x0000000015393800 29715       2       com.android.tools.r8.code.ShlInt2Addr::collectIndexedItems (6 bytes)
Event: 10943.864 Thread 0x0000000015393800 nmethod 29715 0x0000000005f650d0 code [0x0000000005f65220, 0x0000000005f65370]

GC Heap History (10 events):
Event: 10779.873 GC heap after
Heap after GC invocations=74 (full 5):
 PSYoungGen      total 291840K, used 6413K [0x00000000eab00000, 0x00000000ffa00000, 0x0000000100000000)
  eden space 263168K, 0% used [0x00000000eab00000,0x00000000eab00000,0x00000000fac00000)
  from space 28672K, 22% used [0x00000000fac00000,0x00000000fb2435f8,0x00000000fc800000)
  to   space 27136K, 0% used [0x00000000fdf80000,0x00000000fdf80000,0x00000000ffa00000)
 ParOldGen       total 263168K, used 126627K [0x00000000c0000000, 0x00000000d0100000, 0x00000000eab00000)
  object space 263168K, 48% used [0x00000000c0000000,0x00000000c7ba8c88,0x00000000d0100000)
 Metaspace       used 91333K, capacity 99686K, committed 99840K, reserved 1136640K
  class space    used 11539K, capacity 13470K, committed 13568K, reserved 1048576K
}
Event: 10939.961 GC heap before
{Heap before GC invocations=75 (full 5):
 PSYoungGen      total 291840K, used 269581K [0x00000000eab00000, 0x00000000ffa00000, 0x0000000100000000)
  eden space 263168K, 100% used [0x00000000eab00000,0x00000000fac00000,0x00000000fac00000)
  from space 28672K, 22% used [0x00000000fac00000,0x00000000fb2435f8,0x00000000fc800000)
  to   space 27136K, 0% used [0x00000000fdf80000,0x00000000fdf80000,0x00000000ffa00000)
 ParOldGen       total 263168K, used 126627K [0x00000000c0000000, 0x00000000d0100000, 0x00000000eab00000)
  object space 263168K, 48% used [0x00000000c0000000,0x00000000c7ba8c88,0x00000000d0100000)
 Metaspace       used 91465K, capacity 99874K, committed 100096K, reserved 1136640K
  class space    used 11550K, capacity 13510K, committed 13568K, reserved 1048576K
Event: 10939.968 GC heap after
Heap after GC invocations=75 (full 5):
 PSYoungGen      total 306688K, used 5773K [0x00000000eab00000, 0x00000000ff480000, 0x0000000100000000)
  eden space 285184K, 0% used [0x00000000eab00000,0x00000000eab00000,0x00000000fc180000)
  from space 21504K, 26% used [0x00000000fdf80000,0x00000000fe523608,0x00000000ff480000)
  to   space 26112K, 0% used [0x00000000fc180000,0x00000000fc180000,0x00000000fdb00000)
 ParOldGen       total 263168K, used 126659K [0x00000000c0000000, 0x00000000d0100000, 0x00000000eab00000)
  object space 263168K, 48% used [0x00000000c0000000,0x00000000c7bb0c88,0x00000000d0100000)
 Metaspace       used 91465K, capacity 99874K, committed 100096K, reserved 1136640K
  class space    used 11550K, capacity 13510K, committed 13568K, reserved 1048576K
}
Event: 10941.579 GC heap before
{Heap before GC invocations=76 (full 5):
 PSYoungGen      total 306688K, used 290957K [0x00000000eab00000, 0x00000000ff480000, 0x0000000100000000)
  eden space 285184K, 100% used [0x00000000eab00000,0x00000000fc180000,0x00000000fc180000)
  from space 21504K, 26% used [0x00000000fdf80000,0x00000000fe523608,0x00000000ff480000)
  to   space 26112K, 0% used [0x00000000fc180000,0x00000000fc180000,0x00000000fdb00000)
 ParOldGen       total 263168K, used 126659K [0x00000000c0000000, 0x00000000d0100000, 0x00000000eab00000)
  object space 263168K, 48% used [0x00000000c0000000,0x00000000c7bb0c88,0x00000000d0100000)
 Metaspace       used 91539K, capacity 100002K, committed 100096K, reserved 1136640K
  class space    used 11551K, capacity 13510K, committed 13568K, reserved 1048576K
Event: 10941.590 GC heap after
Heap after GC invocations=76 (full 5):
 PSYoungGen      total 311296K, used 12363K [0x00000000eab00000, 0x0000000100000000, 0x0000000100000000)
  eden space 285184K, 0% used [0x00000000eab00000,0x00000000eab00000,0x00000000fc180000)
  from space 26112K, 47% used [0x00000000fc180000,0x00000000fcd92f50,0x00000000fdb00000)
  to   space 25600K, 0% used [0x00000000fe700000,0x00000000fe700000,0x0000000100000000)
 ParOldGen       total 263168K, used 126659K [0x00000000c0000000, 0x00000000d0100000, 0x00000000eab00000)
  object space 263168K, 48% used [0x00000000c0000000,0x00000000c7bb0c88,0x00000000d0100000)
 Metaspace       used 91539K, capacity 100002K, committed 100096K, reserved 1136640K
  class space    used 11551K, capacity 13510K, committed 13568K, reserved 1048576K
}
Event: 10942.520 GC heap before
{Heap before GC invocations=77 (full 5):
 PSYoungGen      total 311296K, used 297547K [0x00000000eab00000, 0x0000000100000000, 0x0000000100000000)
  eden space 285184K, 100% used [0x00000000eab00000,0x00000000fc180000,0x00000000fc180000)
  from space 26112K, 47% used [0x00000000fc180000,0x00000000fcd92f50,0x00000000fdb00000)
  to   space 25600K, 0% used [0x00000000fe700000,0x00000000fe700000,0x0000000100000000)
 ParOldGen       total 263168K, used 126659K [0x00000000c0000000, 0x00000000d0100000, 0x00000000eab00000)
  object space 263168K, 48% used [0x00000000c0000000,0x00000000c7bb0c88,0x00000000d0100000)
 Metaspace       used 91550K, capacity 100006K, committed 100096K, reserved 1136640K
  class space    used 11551K, capacity 13510K, committed 13568K, reserved 1048576K
Event: 10942.549 GC heap after
Heap after GC invocations=77 (full 5):
 PSYoungGen      total 293888K, used 25589K [0x00000000eab00000, 0x0000000100000000, 0x0000000100000000)
  eden space 268288K, 0% used [0x00000000eab00000,0x00000000eab00000,0x00000000fb100000)
  from space 25600K, 99% used [0x00000000fe700000,0x00000000ffffd430,0x0000000100000000)
  to   space 40448K, 0% used [0x00000000fb100000,0x00000000fb100000,0x00000000fd880000)
 ParOldGen       total 263168K, used 153582K [0x00000000c0000000, 0x00000000d0100000, 0x00000000eab00000)
  object space 263168K, 58% used [0x00000000c0000000,0x00000000c95fb808,0x00000000d0100000)
 Metaspace       used 91550K, capacity 100006K, committed 100096K, reserved 1136640K
  class space    used 11551K, capacity 13510K, committed 13568K, reserved 1048576K
}
Event: 10943.219 GC heap before
{Heap before GC invocations=78 (full 5):
 PSYoungGen      total 293888K, used 293877K [0x00000000eab00000, 0x0000000100000000, 0x0000000100000000)
  eden space 268288K, 100% used [0x00000000eab00000,0x00000000fb100000,0x00000000fb100000)
  from space 25600K, 99% used [0x00000000fe700000,0x00000000ffffd430,0x0000000100000000)
  to   space 40448K, 0% used [0x00000000fb100000,0x00000000fb100000,0x00000000fd880000)
 ParOldGen       total 263168K, used 153582K [0x00000000c0000000, 0x00000000d0100000, 0x00000000eab00000)
  object space 263168K, 58% used [0x00000000c0000000,0x00000000c95fb808,0x00000000d0100000)
 Metaspace       used 91575K, capacity 100018K, committed 100096K, reserved 1136640K
  class space    used 11551K, capacity 13510K, committed 13568K, reserved 1048576K
Event: 10943.273 GC heap after
Heap after GC invocations=78 (full 5):
 PSYoungGen      total 308736K, used 40418K [0x00000000eab00000, 0x0000000100000000, 0x0000000100000000)
  eden space 268288K, 0% used [0x00000000eab00000,0x00000000eab00000,0x00000000fb100000)
  from space 40448K, 99% used [0x00000000fb100000,0x00000000fd878ba0,0x00000000fd880000)
  to   space 40448K, 0% used [0x00000000fd880000,0x00000000fd880000,0x0000000100000000)
 ParOldGen       total 263168K, used 189532K [0x00000000c0000000, 0x00000000d0100000, 0x00000000eab00000)
  object space 263168K, 72% used [0x00000000c0000000,0x00000000cb917048,0x00000000d0100000)
 Metaspace       used 91575K, capacity 100018K, committed 100096K, reserved 1136640K
  class space    used 11551K, capacity 13510K, committed 13568K, reserved 1048576K
}
Event: 10943.866 GC heap before
{Heap before GC invocations=79 (full 5):
 PSYoungGen      total 308736K, used 308706K [0x00000000eab00000, 0x0000000100000000, 0x0000000100000000)
  eden space 268288K, 100% used [0x00000000eab00000,0x00000000fb100000,0x00000000fb100000)
  from space 40448K, 99% used [0x00000000fb100000,0x00000000fd878ba0,0x00000000fd880000)
  to   space 40448K, 0% used [0x00000000fd880000,0x00000000fd880000,0x0000000100000000)
 ParOldGen       total 263168K, used 189532K [0x00000000c0000000, 0x00000000d0100000, 0x00000000eab00000)
  object space 263168K, 72% used [0x00000000c0000000,0x00000000cb917048,0x00000000d0100000)
 Metaspace       used 91606K, capacity 100086K, committed 100352K, reserved 1136640K
  class space    used 11551K, capacity 13510K, committed 13568K, reserved 1048576K

Deoptimization events (10 events):
Event: 10943.206 Thread 0x00000000176c6800 Uncommon trap: reason=unstable_if action=reinterpret pc=0x00000000064a0ee4 method=com.android.tools.r8.graph.AppInfo.resolveMethodOnClass(Lcom/android/tools/r8/graph/DexType;Lcom/android/tools/r8/graph/DexMethod;)Lcom/android/tools/r8/graph/AppInfo$Resolu
Event: 10943.209 Thread 0x00000000176c6800 Uncommon trap: reason=class_check action=maybe_recompile pc=0x00000000044d23e8 method=com.android.tools.r8.graph.KeyedDexItem.hashCode()I @ 1
Event: 10943.209 Thread 0x00000000176c6800 Uncommon trap: reason=class_check action=maybe_recompile pc=0x00000000044d23e8 method=com.android.tools.r8.graph.KeyedDexItem.hashCode()I @ 1
Event: 10943.209 Thread 0x00000000176c6800 Uncommon trap: reason=class_check action=maybe_recompile pc=0x00000000044d23e8 method=com.android.tools.r8.graph.KeyedDexItem.hashCode()I @ 1
Event: 10943.209 Thread 0x00000000176c6800 Uncommon trap: reason=class_check action=maybe_recompile pc=0x00000000044d23e8 method=com.android.tools.r8.graph.KeyedDexItem.hashCode()I @ 1
Event: 10943.209 Thread 0x00000000176c6800 Uncommon trap: reason=class_check action=maybe_recompile pc=0x0000000006eb86b0 method=com.android.tools.r8.graph.DexType.computeEquals(Ljava/lang/Object;)Z @ 1
Event: 10943.209 Thread 0x00000000176c6800 Uncommon trap: reason=class_check action=maybe_recompile pc=0x0000000006eb86b0 method=com.android.tools.r8.graph.DexType.computeEquals(Ljava/lang/Object;)Z @ 1
Event: 10943.209 Thread 0x00000000176c6800 Uncommon trap: reason=class_check action=maybe_recompile pc=0x0000000006eb86b0 method=com.android.tools.r8.graph.DexType.computeEquals(Ljava/lang/Object;)Z @ 1
Event: 10943.209 Thread 0x00000000176c6800 Uncommon trap: reason=class_check action=maybe_recompile pc=0x0000000006eb86b0 method=com.android.tools.r8.graph.DexType.computeEquals(Ljava/lang/Object;)Z @ 1
Event: 10943.279 Thread 0x00000000176c6800 Uncommon trap: reason=class_check action=maybe_recompile pc=0x0000000002df1694 method=com.android.tools.r8.com.google.common.collect.ImmutableList.iterator()Ljava/util/Iterator; @ 1

Classes redefined (0 events):
No events

Internal exceptions (10 events):
Event: 10942.189 Thread 0x0000000021289000 Exception <a 'sun/nio/fs/WindowsException'> (0x00000000f13de7d8) thrown at [D:\src\AOSP-openjdk-cygwin\jdk8u\hotspot\src\share\vm\prims\jni.cpp, line 709]
Event: 10942.192 Thread 0x0000000021289800 Exception <a 'sun/nio/fs/WindowsException'> (0x00000000f0e322f0) thrown at [D:\src\AOSP-openjdk-cygwin\jdk8u\hotspot\src\share\vm\prims\jni.cpp, line 709]
Event: 10942.193 Thread 0x0000000021289000 Exception <a 'sun/nio/fs/WindowsException'> (0x00000000f13e4190) thrown at [D:\src\AOSP-openjdk-cygwin\jdk8u\hotspot\src\share\vm\prims\jni.cpp, line 709]
Event: 10942.196 Thread 0x0000000021289000 Exception <a 'sun/nio/fs/WindowsException'> (0x00000000f152b6d8) thrown at [D:\src\AOSP-openjdk-cygwin\jdk8u\hotspot\src\share\vm\prims\jni.cpp, line 709]
Event: 10942.200 Thread 0x0000000021289800 Exception <a 'sun/nio/fs/WindowsException'> (0x00000000f15c0ee8) thrown at [D:\src\AOSP-openjdk-cygwin\jdk8u\hotspot\src\share\vm\prims\jni.cpp, line 709]
Event: 10942.200 Thread 0x0000000021289000 Exception <a 'sun/nio/fs/WindowsException'> (0x00000000f1573b30) thrown at [D:\src\AOSP-openjdk-cygwin\jdk8u\hotspot\src\share\vm\prims\jni.cpp, line 709]
Event: 10942.203 Thread 0x0000000021289000 Exception <a 'sun/nio/fs/WindowsException'> (0x00000000f157a400) thrown at [D:\src\AOSP-openjdk-cygwin\jdk8u\hotspot\src\share\vm\prims\jni.cpp, line 709]
Event: 10942.203 Thread 0x0000000021289800 Exception <a 'sun/nio/fs/WindowsException'> (0x00000000f1607eb8) thrown at [D:\src\AOSP-openjdk-cygwin\jdk8u\hotspot\src\share\vm\prims\jni.cpp, line 709]
Event: 10942.206 Thread 0x0000000021288000 Exception <a 'sun/nio/fs/WindowsException'> (0x00000000f0fd48b0) thrown at [D:\src\AOSP-openjdk-cygwin\jdk8u\hotspot\src\share\vm\prims\jni.cpp, line 709]
Event: 10943.472 Thread 0x000000001aa64000 Exception <a 'sun/nio/fs/WindowsException'> (0x00000000f35ece28) thrown at [D:\src\AOSP-openjdk-cygwin\jdk8u\hotspot\src\share\vm\prims\jni.cpp, line 709]

Events (10 events):
Event: 10943.836 Thread 0x0000000015393800 flushing nmethod 0x0000000005b04490
Event: 10943.836 Thread 0x0000000015393800 flushing nmethod 0x0000000005b0a8d0
Event: 10943.836 Thread 0x0000000015393800 flushing nmethod 0x0000000005b0acd0
Event: 10943.836 Thread 0x0000000015393800 flushing nmethod 0x0000000005b3f990
Event: 10943.840 Thread 0x0000000015393800 flushing nmethod 0x0000000005f64fd0
Event: 10943.840 Thread 0x0000000015393800 flushing nmethod 0x0000000005fa1290
Event: 10943.842 Thread 0x0000000015393800 flushing nmethod 0x00000000066e9010
Event: 10943.843 Thread 0x0000000015393800 flushing nmethod 0x00000000067348d0
Event: 10943.858 Thread 0x000000001538b800 flushing nmethod 0x0000000006d74690
Event: 10943.866 Executing VM operation: ParallelGCFailedAllocation


Dynamic libraries:
0x00007ff646120000 - 0x00007ff646151000 	C:\Program Files\Android\Android Studio\jre\bin\java.exe
0x00007ffeae550000 - 0x00007ffeae6f9000 	C:\Windows\SYSTEM32\ntdll.dll
0x00007ffead540000 - 0x00007ffead679000 	C:\Windows\system32\KERNEL32.DLL
0x00007ffeab9a0000 - 0x00007ffeabaae000 	C:\Windows\system32\KERNELBASE.dll
0x00007ffeada70000 - 0x00007ffeadb15000 	C:\Windows\system32\ADVAPI32.dll
0x00007ffead680000 - 0x00007ffead7f1000 	C:\Windows\system32\USER32.dll
0x00007ffea91c0000 - 0x00007ffea941a000 	C:\Windows\WinSxS\amd64_microsoft.windows.common-controls_6595b64144ccf1df_6.0.9600.16384_none_62475f7becb72503\COMCTL32.dll
0x00007ffead820000 - 0x00007ffead8c7000 	C:\Windows\system32\msvcrt.dll
0x00007ffead3d0000 - 0x00007ffead427000 	C:\Windows\SYSTEM32\sechost.dll
0x00007ffeadb30000 - 0x00007ffeadc66000 	C:\Windows\system32\RPCRT4.dll
0x00007ffeadfa0000 - 0x00007ffeae0e5000 	C:\Windows\system32\GDI32.dll
0x00007ffeadd80000 - 0x00007ffeaddb4000 	C:\Windows\system32\IMM32.DLL
0x00007ffeae410000 - 0x00007ffeae548000 	C:\Windows\system32\MSCTF.dll
0x00000000633e0000 - 0x00000000634b2000 	C:\Program Files\Android\Android Studio\jre\jre\bin\msvcr100.dll
0x00000000634c0000 - 0x0000000063cfe000 	C:\Program Files\Android\Android Studio\jre\jre\bin\server\jvm.dll
0x00007ffea4660000 - 0x00007ffea4669000 	C:\Windows\SYSTEM32\WSOCK32.dll
0x00007ffea2f10000 - 0x00007ffea2f2f000 	C:\Windows\SYSTEM32\WINMM.dll
0x00007ffea62a0000 - 0x00007ffea62aa000 	C:\Windows\SYSTEM32\VERSION.dll
0x00007ffead800000 - 0x00007ffead807000 	C:\Windows\system32\PSAPI.DLL
0x00007ffead430000 - 0x00007ffead488000 	C:\Windows\system32\WS2_32.dll
0x00007ffea2ee0000 - 0x00007ffea2f0a000 	C:\Windows\SYSTEM32\WINMMBASE.dll
0x00007ffead490000 - 0x00007ffead499000 	C:\Windows\system32\NSI.dll
0x00007ffeabab0000 - 0x00007ffeabafa000 	C:\Windows\SYSTEM32\cfgmgr32.dll
0x00007ffeaa750000 - 0x00007ffeaa776000 	C:\Windows\SYSTEM32\DEVOBJ.dll
0x00007ffea4650000 - 0x00007ffea465f000 	C:\Program Files\Android\Android Studio\jre\jre\bin\verify.dll
0x00007ffea4620000 - 0x00007ffea4649000 	C:\Program Files\Android\Android Studio\jre\jre\bin\java.dll
0x00007ffea4600000 - 0x00007ffea4616000 	C:\Program Files\Android\Android Studio\jre\jre\bin\zip.dll
0x00007ffeabde0000 - 0x00007ffead1ef000 	C:\Windows\system32\SHELL32.dll
0x00007ffeaddc0000 - 0x00007ffeadf97000 	C:\Windows\SYSTEM32\combase.dll
0x00007ffeae3b0000 - 0x00007ffeae401000 	C:\Windows\system32\SHLWAPI.dll
0x00007ffea97a0000 - 0x00007ffea9841000 	C:\Windows\SYSTEM32\SHCORE.dll
0x00007ffeab8d0000 - 0x00007ffeab8e4000 	C:\Windows\SYSTEM32\profapi.dll
0x00007ffea45e0000 - 0x00007ffea45fa000 	C:\Program Files\Android\Android Studio\jre\jre\bin\net.dll
0x00007ffeab200000 - 0x00007ffeab258000 	C:\Windows\system32\mswsock.dll
0x00007ffea45c0000 - 0x00007ffea45d1000 	C:\Program Files\Android\Android Studio\jre\jre\bin\nio.dll
0x00007ffea4ed0000 - 0x00007ffea4eee000 	C:\Users\android\.gradle\native\25\windows-amd64\native-platform.dll
0x00007ffea4710000 - 0x00007ffea471d000 	C:\Program Files\Android\Android Studio\jre\jre\bin\management.dll
0x00007ffeab260000 - 0x00007ffeab27e000 	C:\Windows\SYSTEM32\CRYPTSP.dll
0x00007ffeaae50000 - 0x00007ffeaae85000 	C:\Windows\system32\rsaenh.dll
0x00007ffeab490000 - 0x00007ffeab4b6000 	C:\Windows\SYSTEM32\bcrypt.dll
0x00007ffeaaf60000 - 0x00007ffeaaf7f000 	C:\Windows\SYSTEM32\USERENV.dll
0x00007ffeab7b0000 - 0x00007ffeab80e000 	C:\Windows\system32\bcryptprimitives.dll
0x00007ffeab810000 - 0x00007ffeab81a000 	C:\Windows\SYSTEM32\CRYPTBASE.dll
0x00007ffea8160000 - 0x00007ffea8189000 	C:\Windows\SYSTEM32\IPHLPAPI.DLL
0x00007ffea8150000 - 0x00007ffea815a000 	C:\Windows\SYSTEM32\WINNSI.DLL
0x00007ffea7920000 - 0x00007ffea7934000 	C:\Windows\SYSTEM32\dhcpcsvc6.DLL
0x00007ffea7900000 - 0x00007ffea7919000 	C:\Windows\SYSTEM32\dhcpcsvc.DLL
0x00007ffea72a0000 - 0x00007ffea72d0000 	C:\Windows\SYSTEM32\ntmarta.dll
0x00007ffe9d280000 - 0x00007ffe9d408000 	C:\Windows\SYSTEM32\dbghelp.dll

VM Arguments:
jvm_args: -XX:+HeapDumpOnOutOfMemoryError -Xmx1024m -Dfile.encoding=windows-1252 -Duser.country=US -Duser.language=en -Duser.variant 
java_command: org.gradle.launcher.daemon.bootstrap.GradleDaemon 4.4
java_class_path (initial): C:\Users\android\.gradle\wrapper\dists\gradle-4.4-all\9br9xq1tocpiv8o6njlyu5op1\gradle-4.4\lib\gradle-launcher-4.4.jar
Launcher Type: SUN_STANDARD

Environment Variables:
PATH=C:\Program Files (x86)\Common Files\Oracle\Java\javapath;C:\Windows\system32;C:\Windows;C:\Windows\System32\Wbem;C:\Windows\System32\WindowsPowerShell\v1.0\;C:\Program Files\Java\jdk-10.0.1\bin
USERNAME=android
OS=Windows_NT
PROCESSOR_IDENTIFIER=Intel64 Family 6 Model 60 Stepping 3, GenuineIntel



---------------  S Y S T E M  ---------------

OS: Windows 8.1 , 64 bit Build 9600 (6.3.9600.16441)

CPU:total 4 (initial active 4) (4 cores per cpu, 1 threads per core) family 6 model 60 stepping 3, cmov, cx8, fxsr, mmx, sse, sse2, sse3, ssse3, sse4.1, sse4.2, popcnt, avx, avx2, aes, clmul, erms, rtm, lzcnt, tsc, tscinvbit, bmi1, bmi2

Memory: 4k page, physical 8260948k(3221528k free), swap 9571668k(3754220k free)

vm_info: OpenJDK 64-Bit Server VM (25.152-b01) for windows-amd64 JRE (1.8.0_152-release-915-b01), built by "builder" with MS VC++ 10.0 (VS2010)

time: Wed May 30 14:21:13 2018
elapsed time: 10944 seconds (0d 3h 2m 24s)

